[LOG] System::create                           : Header version = 2.02.09. Current version = 2.02.09.
[LOG] Manager::init                            : maxchannels = 256 studioflags = 00000006 flags 00000000 extradriverdata 0000000000000000.
[LOG] SystemI::init                            : Initialize version=20209 (128289), maxchannels=256, flags=0x00020000
[LOG] SystemI::setOutputInternal               : Setting output to 'FMOD WASAPI Output'
[LOG] OutputWASAPI::init                       : Mix Format (WAVEFORMATEX): wFormatTag=0xFFFE, nChannels=8, nSamplesPerSec=48000, nAvgBytesPerSec=1536000, nBlockAlign=32, wBitsPerSample=32, cbSize=22.
[LOG] OutputWASAPI::init                       : Mix Format (WAVEFORMATEXTENSIBLE): wValidBitsPerSample=32, dwChannelMask=0x0000063F, SubFormat=00000003-0000-0010-8000-00AA00389B71.
[LOG] OutputWASAPI::init                       : Output buffer size: 4096 samples, latency: 0.00ms, period: 10.00ms, DSP buffer: 1024 * 4
[LOG] DownMix::init                            : dspbuffersize: 1024  rate: 48000. output speaker mode: 7, input speaker mode 3
[LOG] DownMix::init                            : done.
[LOG] Thread::initThread                       : Init FMOD stream thread. Affinity: 0x4000000000000003, Priority: 0xFFFF7FFB, Stack Size: 98304, Semaphore: No, Sleep Time: 10, Looping: Yes.
[LOG] Thread::initThread                       : Init FMOD mixer thread. Affinity: 0x4000000000000001, Priority: 0xFFFF7FFA, Stack Size: 81920, Semaphore: No, Sleep Time: 0, Looping: Yes.
[LOG] AsyncManager::init                       : manager 000001945FCAF3D8 isAsync 0 updatePeriod 0.02
[LOG] AsyncManager::init                       : done
[LOG] PlaybackSystem::init                     : 
[LOG] Thread::initThread                       : Init FMOD Studio sample load thread. Affinity: 0x4000000000000003, Priority: 0xFFFF7FFD, Stack Size: 98304, Semaphore: No, Sleep Time: 1, Looping: No.
[LOG] PlaybackSystem::init                     : done
[LOG] Thread::initThread                       : Init FMOD Studio bank load thread. Affinity: 0x4000000000000003, Priority: 0xFFFF7FFD, Stack Size: 98304, Semaphore: No, Sleep Time: 1, Looping: No.
[LOG] Manager::init                            : done.
[LOG] Manager::readBank                        : fileversion = 142, compatVersion = 140 (oldest = 44, newest = 142)
[LOG] Manager::readBank                        : fileversion = 142, compatVersion = 140 (oldest = 44, newest = 142)
[LOG] Manager::readBank                        : fileversion = 142, compatVersion = 140 (oldest = 44, newest = 142)
[LOG] PlaybackSystem::acquireMasterBus         : Setting master channel group format to 6
[LOG] AsyncThread::threadFunc                  : Starting Asynchronous operation on sound 000001939EBA9BF8
[LOG] AsyncThread::threadFunc                  : Finished Asynchronous operation on sound 000001939EBA9BF8
[LOG] AsyncThread::threadFunc                  : Starting Asynchronous operation on sound 0000019461884388
[LOG] AsyncThread::threadFunc                  : Finished Asynchronous operation on sound 0000019461884388
[LOG] AsyncThread::threadFunc                  : Starting Asynchronous operation on sound 00000194618846E8
[LOG] AsyncThread::threadFunc                  : Finished Asynchronous operation on sound 00000194618846E8
[LOG] AsyncThread::threadFunc                  : Starting Asynchronous operation on sound 000001939EBA9898
[LOG] AsyncThread::threadFunc                  : Finished Asynchronous operation on sound 000001939EBA9898
[LOG] AsyncThread::threadFunc                  : Starting Asynchronous operation on sound 0000019461884898
[LOG] AsyncThread::threadFunc                  : Finished Asynchronous operation on sound 0000019461884898
[LOG] AsyncThread::threadFunc                  : Starting Asynchronous operation on sound 0000019461884538
[LOG] AsyncThread::threadFunc                  : Finished Asynchronous operation on sound 0000019461884538
[LOG] AsyncThread::threadFunc                  : Starting Asynchronous operation on sound 0000019461883E78
[LOG] AsyncThread::threadFunc                  : Finished Asynchronous operation on sound 0000019461883E78
[LOG] AsyncThread::threadFunc                  : Starting Asynchronous operation on sound 00000194618841D8
[LOG] AsyncThread::threadFunc                  : Finished Asynchronous operation on sound 00000194618841D8
[LOG] AsyncThread::threadFunc                  : Starting Asynchronous operation on sound 000001939EBA9A48
[LOG] AsyncThread::threadFunc                  : Finished Asynchronous operation on sound 000001939EBA9A48
[LOG] AsyncThread::threadFunc                  : Starting Asynchronous operation on sound 0000019461884028
[LOG] AsyncThread::threadFunc                  : Finished Asynchronous operation on sound 0000019461884028
[LOG] AsyncThread::threadFunc                  : Starting Asynchronous operation on sound 000001939EBA9DA8
[LOG] AsyncThread::threadFunc                  : Finished Asynchronous operation on sound 000001939EBA9DA8
[LOG] AsyncThread::threadFunc                  : Starting Asynchronous operation on sound 000001939EBA9DA8
[LOG] AsyncThread::threadFunc                  : Finished Asynchronous operation on sound 000001939EBA9DA8
[LOG] AsyncThread::threadFunc                  : Starting Asynchronous operation on sound 000001939EBA9DA8
[LOG] AsyncThread::threadFunc                  : Finished Asynchronous operation on sound 000001939EBA9DA8
[LOG] SoundI::release                          : Drum1 (00000193C3A530F8)
[LOG] SoundI::release                          :     Drum1 (000001939E79B238)
[LOG] SoundI::release                          :     Drum1 (000001939EBA9BF8)
[LOG] SoundI::release                          : Drum4 (00000193C3A53458)
[LOG] SoundI::release                          :     Drum4 (000001939E79ABB8)
[LOG] SoundI::release                          :     Drum4 (000001939EBA9898)
[LOG] SoundI::release                          : Drum6 (00000193C3A52BE8)
[LOG] SoundI::release                          :     Drum6 (000001939E79BD98)
[LOG] SoundI::release                          :     Drum6 (000001939EBA9A48)
[LOG] SoundI::release                          : Lead1 (00000193C3A52F48)
[LOG] SoundI::release                          :     Lead1 (000001939E79AEF8)
[LOG] SoundI::release                          :     Lead1 (000001939EBA9DA8)
[LOG] SoundI::release                          : Drum3 (00000193C3A537B8)
[LOG] SoundI::release                          :     Drum3 (000001939E79B718)
[LOG] SoundI::release                          :     Drum3 (00000194618846E8)
[LOG] SoundI::release                          : Drum2 (00000193C3A52D98)
[LOG] SoundI::release                          :     Drum2 (000001939E79BA58)
[LOG] SoundI::release                          :     Drum2 (0000019461884388)
[LOG] SoundI::release                          : Drum5 (00000193C38B8498)
[LOG] SoundI::release                          :     Drum5 (000001939E79B8B8)
[LOG] SoundI::release                          :     Drum5 (00000194618841D8)
[LOG] SoundI::release                          : Guitars1 (00000193C38B82E8)
[LOG] SoundI::release                          :     Guitars1 (000001939E796F98)
[LOG] SoundI::release                          :     Guitars1 (0000019461884028)
[LOG] SoundI::release                          : Bass1 (00000193C38B7F88)
[LOG] SoundI::release                          :     Bass1 (000001939E796918)
[LOG] SoundI::release                          :     Bass1 (0000019461884898)
[LOG] SoundI::release                          : Chords2 (00000193C38B8138)
[LOG] SoundI::release                          :     Chords2 (000001939E7965D8)
[LOG] SoundI::release                          :     Chords2 (0000019461883E78)
[LOG] SoundI::release                          : Chords1 (000001939F290A38)
[LOG] SoundI::release                          :     Chords1 (000001939E7943B8)
[LOG] SoundI::release                          :     Chords1 (0000019461884538)
[LOG] SoundI::release                          : Lead1 (00000193C6FC5E08)
[LOG] SoundI::release                          :     Lead1 (000001939E79A6D8)
[LOG] SoundI::release                          :     Lead1 (0000019461883B18)
[LOG] SoundI::release                          : Drum1 (00000193C6FC53E8)
[LOG] SoundI::release                          :     Drum1 (000001939E795DB8)
[LOG] SoundI::release                          :     Drum1 (0000019461883CC8)
[LOG] SoundI::release                          : Drum4 (00000193C6FC5C58)
[LOG] SoundI::release                          :     Drum4 (000001939E79A538)
[LOG] SoundI::release                          :     Drum4 (000001939E3E7088)
[LOG] SoundI::release                          : Drum6 (00000193C6FC5AA8)
[LOG] SoundI::release                          :     Drum6 (000001939E799EB8)
[LOG] SoundI::release                          :     Drum6 (000001939E3E7AA8)
[LOG] SoundI::release                          : Lead1 (00000193C6FC5748)
[LOG] SoundI::release                          :     Lead1 (000001939E798E78)
[LOG] SoundI::release                          :     Lead1 (000001939E3E7E08)
[LOG] SoundI::release                          : Drum3 (00000193C6FC5088)
[LOG] SoundI::release                          :     Drum3 (000001939E797478)
[LOG] SoundI::release                          :     Drum3 (000001939E3E7598)
[LOG] SoundI::release                          : Drum2 (00000194380E80C8)
[LOG] SoundI::release                          :     Drum2 (000001939E799B78)
[LOG] SoundI::release                          :     Drum2 (000001939E3E7C58)
[LOG] SoundI::release                          : Drum5 (00000194380E7F18)
[LOG] SoundI::release                          :     Drum5 (000001939E795C18)
[LOG] SoundI::release                          :     Drum5 (000001939E3E78F8)
[LOG] SoundI::release                          : Guitars1 (00000194380E7A08)
[LOG] SoundI::release                          :     Guitars1 (000001939E7950B8)
[LOG] SoundI::release                          :     Guitars1 (000001939E3E73E8)
[LOG] SoundI::release                          : Bass1 (00000194380E7858)
[LOG] SoundI::release                          :     Bass1 (000001939E794218)
[LOG] SoundI::release                          :     Bass1 (000001939E3E7238)
[LOG] SoundI::release                          : Chords2 (00000194380E7BB8)
[LOG] SoundI::release                          :     Chords2 (000001939E794558)
[LOG] SoundI::release                          :     Chords2 (000001939E3E7748)
[LOG] SoundI::release                          : Chords1 (00000194380E76A8)
[LOG] SoundI::release                          :     Chords1 (000001939E79A058)
[LOG] SoundI::release                          :     Chords1 (000001939EAAB278)
[LOG] SoundI::release                          : Lead1 (00000194380E8428)
[LOG] SoundI::release                          :     Lead1 (000001939E7991B8)
[LOG] SoundI::release                          :     Lead1 (000001939EAAB0C8)
[LOG] Thread::callback                         : FMOD Studio update thread finished.
[LOG] Thread::callback                         : FMOD Studio bank load thread finished.
[LOG] Profile::disconnectAll                   : Profiler disconnecting all clients
[LOG] Thread::callback                         : FMOD Studio sample load thread finished.
[LOG] LiveUpdate::release                      : 
[LOG] LiveUpdate::reset                        : Reset connection (reason Disconnected)
[LOG] Thread::callback                         : FMOD stream thread finished.
[LOG] Thread::callback                         : FMOD mixer thread finished.
[LOG] Profile::disconnectAll                   : Profiler disconnecting all clients
[LOG] SystemI::close                           : Closed.
